Peez/gcm/build/outputs/logs/manifest-merger-debug-report.txt
-- Merging decision tree log ---
manifest
ADDED from src\main\AndroidManifest.xml:17:1-115:12
	xmlns:android
		ADDED from src\main\AndroidManifest.xml:17:11-69
	package
		ADDED from src\main\AndroidManifest.xml:18:5-42
		INJECTED from src\main\AndroidManifest.xml
		INJECTED from src\main\AndroidManifest.xml
	android:versionName
		INJECTED from src\main\AndroidManifest.xml
		INJECTED from src\main\AndroidManifest.xml
	android:versionCode
		INJECTED from src\main\AndroidManifest.xml
		INJECTED from src\main\AndroidManifest.xml
uses-permission#android.permission.INTERNET
ADDED from src\main\AndroidManifest.xml:20:5-67
MERGED from [com.google.android.gms:play-services-gcm:8.1.0] AndroidManifest.xml:22:5-67
	android:name
		ADDED from src\main\AndroidManifest.xml:20:22-64
uses-permission#com.google.android.c2dm.permission.RECEIVE
ADDED from src\main\AndroidManifest.xml:21:5-82
MERGED from [com.google.android.gms:play-services-gcm:8.1.0] AndroidManifest.xml:21:5-82
	android:name
		ADDED from src\main\AndroidManifest.xml:21:22-79
uses-permission#android.permission.WAKE_LOCK
ADDED from src\main\AndroidManifest.xml:22:5-68
	android:name
		ADDED from src\main\AndroidManifest.xml:22:22-65
permission#com.google.android.gcm.demo.permission.C2D_MESSAGE
ADDED from src\main\AndroidManifest.xml:24:5-26:47
	android:protectionLevel
		ADDED from src\main\AndroidManifest.xml:26:9-44
	android:name
		ADDED from src\main\AndroidManifest.xml:25:9-74
uses-permission#com.google.android.gcm.demo.permission.C2D_MESSAGE
ADDED from src\main\AndroidManifest.xml:28:5-29:77
	android:name
		ADDED from src\main\AndroidManifest.xml:29:9-74
application
ADDED from src\main\AndroidManifest.xml:31:5-114:19
MERGED from [com.google.android.gms:play-services-gcm:8.1.0] AndroidManifest.xml:24:5-20
MERGED from [com.google.android.gms:play-services-basement:8.1.0] AndroidManifest.xml:20:5-24:19
MERGED from [com.android.support:support-v4:23.0.1] AndroidManifest.xml:22:5-20
MERGED from [com.android.support:appcompat-v7:23.0.1] AndroidManifest.xml:22:5-20
MERGED from [com.android.support:support-v4:23.0.1] AndroidManifest.xml:22:5-20
MERGED from [com.android.support:cardview-v7:23.0.1] AndroidManifest.xml:22:5-20
MERGED from [com.android.support:support-v4:23.0.1] AndroidManifest.xml:22:5-20
	android:label
		ADDED from src\main\AndroidManifest.xml:33:9-49
	android:icon
		ADDED from src\main\AndroidManifest.xml:32:9-38
	android:theme
		ADDED from src\main\AndroidManifest.xml:34:9-46
activity#com.google.android.gcm.demo.ui.MainActivity
ADDED from src\main\AndroidManifest.xml:36:9-49:20
	android:windowSoftInputMode
		ADDED from src\main\AndroidManifest.xml:38:13-52
	android:theme
		ADDED from src\main\AndroidManifest.xml:39:13-62
	android:name
		ADDED from src\main\AndroidManifest.xml:37:13-44
intent-filter#android.intent.action.MAIN+android.intent.category.LAUNCHER
ADDED from src\main\AndroidManifest.xml:40:13-43:29
action#android.intent.action.MAIN
ADDED from src\main\AndroidManifest.xml:41:17-68
	android:name
		ADDED from src\main\AndroidManifest.xml:41:25-66
category#android.intent.category.LAUNCHER
ADDED from src\main\AndroidManifest.xml:42:17-76
	android:name
		ADDED from src\main\AndroidManifest.xml:42:27-74
intent-filter#android.intent.category.DEFAULT+gcm_test_app_notification_click_action
ADDED from src\main\AndroidManifest.xml:45:13-48:29
action#gcm_test_app_notification_click_action
ADDED from src\main\AndroidManifest.xml:46:17-80
	android:name
		ADDED from src\main\AndroidManifest.xml:46:25-78
category#android.intent.category.DEFAULT
ADDED from src\main\AndroidManifest.xml:47:17-75
	android:name
		ADDED from src\main\AndroidManifest.xml:47:27-73
activity#com.google.android.gcm.demo.ui.TokenActivity
ADDED from src\main\AndroidManifest.xml:51:9-59:20
	android:windowSoftInputMode
		ADDED from src\main\AndroidManifest.xml:53:13-52
	android:parentActivityName
		ADDED from src\main\AndroidManifest.xml:54:13-85
	android:name
		ADDED from src\main\AndroidManifest.xml:52:13-45
meta-data#android.support.PARENT_ACTIVITY
ADDED from src\main\AndroidManifest.xml:56:13-58:79
	android:name
		ADDED from src\main\AndroidManifest.xml:57:17-63
	android:value
		ADDED from src\main\AndroidManifest.xml:58:17-76
activity#com.google.android.gcm.demo.ui.GroupActivity
ADDED from src\main\AndroidManifest.xml:61:9-69:20
	android:windowSoftInputMode
		ADDED from src\main\AndroidManifest.xml:63:13-52
	android:parentActivityName
		ADDED from src\main\AndroidManifest.xml:64:13-85
	android:name
		ADDED from src\main\AndroidManifest.xml:62:13-45
activity#com.google.android.gcm.demo.ui.addressbook.SelectActivity
ADDED from src\main\AndroidManifest.xml:71:9-83:20
	android:windowSoftInputMode
		ADDED from src\main\AndroidManifest.xml:73:13-52
	android:theme
		ADDED from src\main\AndroidManifest.xml:74:13-64
	android:name
		ADDED from src\main\AndroidManifest.xml:72:13-58
intent-filter#android.intent.action.PICK+com.google.android.gcm.demo.intent.category.API_KEY+com.google.android.gcm.demo.intent.category.GROUP+com.google.android.gcm.demo.intent.category.SENDER_ID+com.google.android.gcm.demo.intent.category.TOKEN+com.google.android.gcm.demo.intent.category.TOPIC
ADDED from src\main\AndroidManifest.xml:75:13-82:29
action#android.intent.action.PICK
ADDED from src\main\AndroidManifest.xml:76:17-68
	android:name
		ADDED from src\main\AndroidManifest.xml:76:25-66
category#com.google.android.gcm.demo.intent.category.SENDER_ID
ADDED from src\main\AndroidManifest.xml:77:17-97
	android:name
		ADDED from src\main\AndroidManifest.xml:77:27-95
category#com.google.android.gcm.demo.intent.category.API_KEY
ADDED from src\main\AndroidManifest.xml:78:17-95
	android:name
		ADDED from src\main\AndroidManifest.xml:78:27-93
category#com.google.android.gcm.demo.intent.category.TOKEN
ADDED from src\main\AndroidManifest.xml:79:17-93
	android:name
		ADDED from src\main\AndroidManifest.xml:79:27-91
category#com.google.android.gcm.demo.intent.category.TOPIC
ADDED from src\main\AndroidManifest.xml:80:17-93
	android:name
		ADDED from src\main\AndroidManifest.xml:80:27-91
category#com.google.android.gcm.demo.intent.category.GROUP
ADDED from src\main\AndroidManifest.xml:81:17-93
	android:name
		ADDED from src\main\AndroidManifest.xml:81:27-91
receiver#com.google.android.gms.gcm.GcmReceiver
ADDED from src\main\AndroidManifest.xml:85:9-94:20
	android:permission
		ADDED from src\main\AndroidManifest.xml:87:13-73
	android:name
		ADDED from src\main\AndroidManifest.xml:86:13-66
intent-filter#com.google.android.c2dm.intent.RECEIVE+com.google.android.c2dm.intent.REGISTRATION+com.google.android.gcm.demo
ADDED from src\main\AndroidManifest.xml:88:13-93:29
action#com.google.android.c2dm.intent.RECEIVE
ADDED from src\main\AndroidManifest.xml:89:17-81
	android:name
		ADDED from src\main\AndroidManifest.xml:89:25-78
action#com.google.android.c2dm.intent.REGISTRATION
ADDED from src\main\AndroidManifest.xml:91:17-86
	android:name
		ADDED from src\main\AndroidManifest.xml:91:25-83
category#com.google.android.gcm.demo
ADDED from src\main\AndroidManifest.xml:92:17-72
	android:name
		ADDED from src\main\AndroidManifest.xml:92:27-69
service#com.google.android.gcm.demo.service.GcmService
ADDED from src\main\AndroidManifest.xml:96:9-100:19
	android:exported
		ADDED from src\main\AndroidManifest.xml:96:53-77
	android:name
		ADDED from src\main\AndroidManifest.xml:96:18-52
intent-filter#com.google.android.c2dm.intent.RECEIVE
ADDED from src\main\AndroidManifest.xml:97:13-99:29
service#com.google.android.gcm.demo.service.LoggingService
ADDED from src\main\AndroidManifest.xml:102:9-84
	android:exported
		ADDED from src\main\AndroidManifest.xml:102:57-81
	android:name
		ADDED from src\main\AndroidManifest.xml:102:18-56
service#com.google.android.gcm.demo.service.TaskSchedulerService
ADDED from src\main\AndroidManifest.xml:104:9-112:19
	android:exported
		ADDED from src\main\AndroidManifest.xml:107:13-36
	android:permission
		ADDED from src\main\AndroidManifest.xml:106:13-93
	android:name
		ADDED from src\main\AndroidManifest.xml:105:13-57
intent-filter#com.google.android.gcm.demo+com.google.android.gms.gcm.ACTION_TASK_READY
ADDED from src\main\AndroidManifest.xml:108:13-111:29
action#com.google.android.gms.gcm.ACTION_TASK_READY
ADDED from src\main\AndroidManifest.xml:109:17-87
	android:name
		ADDED from src\main\AndroidManifest.xml:109:25-84
uses-sdk
INJECTED from src\main\AndroidManifest.xml reason: use-sdk injection requested
MERGED from [com.google.android.gms:play-services-gcm:8.1.0] AndroidManifest.xml:18:5-42
MERGED from [com.google.android.gms:play-services-base:8.1.0] AndroidManifest.xml:18:5-42
MERGED from [com.google.android.gms:play-services-basement:8.1.0] AndroidManifest.xml:18:5-42
MERGED from [com.android.support:support-v4:23.0.1] AndroidManifest.xml:20:5-43
MERGED from [com.android.support:appcompat-v7:23.0.1] AndroidManifest.xml:20:5-43
MERGED from [com.android.support:support-v4:23.0.1] AndroidManifest.xml:20:5-43
MERGED from [com.android.support:cardview-v7:23.0.1] AndroidManifest.xml:20:5-43
MERGED from [com.android.support:recyclerview-v7:23.0.1] AndroidManifest.xml:20:5-43
MERGED from [com.android.support:support-v4:23.0.1] AndroidManifest.xml:20:5-43
	android:targetSdkVersion
		INJECTED from src\main\AndroidManifest.xml
		INJECTED from src\main\AndroidManifest.xml
	android:minSdkVersion
		INJECTED from src\main\AndroidManifest.xml
		INJECTED from src\main\AndroidManifest.xml
meta-data#com.google.android.gms.version
ADDED from [com.google.android.gms:play-services-basement:8.1.0] AndroidManifest.xml:21:9-23:69
	android:name
		ADDED from [com.google.android.gms:play-services-basement:8.1.0] AndroidManifest.xml:22:13-58
	android:value
		ADDED from [com.google.android.gms:play-services-basement:8.1.0] AndroidManifest.xml:23:13-66